<?xml version="1.0" encoding="UTF-8"?>
<!-- Generated by org.testng.reporters.JUnitXMLReporter -->
<testsuite ignored="0" hostname="DESKTOP-5KEI47M" failures="0" tests="8" name="Default test" time="9.208" errors="0" timestamp="2023-11-24T19:58:42 EET">
  <testcase classname="Tests.LoginTest" name="loginTest" time="0.487"/>
  <testcase classname="Tests.LoginTest" name="loginTest" time="0.398"/>
  <testcase classname="Tests.LoginTest" name="loginTest" time="0.598"/>
  <testcase classname="Tests.LoginTest" name="loginTest" time="5.401"/>
  <testcase classname="Tests.LoginTest" name="loginTest" time="0.602"/>
  <testcase classname="Tests.LoginTest" name="loginTest" time="0.411"/>
  <testcase classname="Tests.LoginTest" name="loginTest" time="0.371"/>
  <testcase classname="Tests.LoginTest" name="loginEmpty" time="0.353"/>
</testsuite> <!-- Default test -->
